#
# This file was autogenerated by WIPACrepo/wipac-dev-py-setup-action
#   within the container built from './Dockerfile'
#   using Python 3.10.
#
########################################################################
#  pip freeze
########################################################################
aio-pika==9.4.3
aiormq==6.8.1
attrs==24.2.0
cachetools==5.5.0
certifi==2024.8.30
cffi==1.17.1
charset-normalizer==3.3.2
click==8.1.7
coloredlogs==15.0.1
cryptography==43.0.1
dacite==1.8.1
dash==2.18.1
dash-bootstrap-components==1.6.0
dash-core-components==2.0.0
dash-html-components==2.0.0
dash-table==5.0.0
Deprecated==1.2.14
dnspython==2.6.1
et-xmlfile==1.1.0
Flask==2.2.5
flask-oidc==1.4.0
googleapis-common-protos==1.59.1
grpcio==1.66.1
httplib2==0.22.0
humanfriendly==10.0
idna==3.10
importlib_metadata==8.4.0
itsdangerous==2.0.1
Jinja2==3.1.4
ldap3==2.9.1
MarkupSafe==2.1.5
motor==3.5.1
multidict==6.1.0
nest-asyncio==1.6.0
numpy==2.1.1
oauth2client==4.1.3
openpyxl==3.1.5
opentelemetry-api==1.27.0
opentelemetry-exporter-jaeger==1.21.0
opentelemetry-exporter-jaeger-proto-grpc==1.21.0
opentelemetry-exporter-jaeger-thrift==1.21.0
opentelemetry-exporter-otlp-proto-common==1.27.0
opentelemetry-exporter-otlp-proto-http==1.27.0
opentelemetry-proto==1.27.0
opentelemetry-sdk==1.27.0
opentelemetry-semantic-conventions==0.48b0
packaging==24.1
pamqp==3.3.0
pandas==2.2.2
plotly==5.24.1
protobuf==4.25.4
pyasn1==0.6.1
pyasn1_modules==0.4.1
pycparser==2.22
PyJWT==2.9.0
pymongo==4.8.0
pyparsing==3.1.4
pypng==0.20220715.0
python-dateutil==2.9.0.post0
pytz==2024.2
qrcode==7.4.2
requests==2.32.3
requests-futures==1.0.1
retrying==1.3.4
rsa==4.9
six==1.16.0
tenacity==9.0.0
thrift==0.20.0
tornado==6.4.1
typeguard==4.3.0
typing_extensions==4.12.2
tzdata==2024.1
Unidecode==1.3.8
urllib3==2.2.3
visdcc==0.0.50
Werkzeug==2.3.8
wipac-dev-tools==1.12.1
wipac-keycloak-rest-services==1.4.108
wipac-rest-tools==1.5.3
wipac-telemetry==0.3.0
wrapt==1.16.0
yarl==1.11.1
zipp==3.20.2
########################################################################
#  pipdeptree
########################################################################
cryptography==43.0.1
└── cffi [required: >=1.12, installed: 1.17.1]
    └── pycparser [required: Any, installed: 2.22]
pipdeptree==2.23.3
├── packaging [required: >=24.1, installed: 24.1]
└── pip [required: >=24.2, installed: 24.2]
rest-server-web-app-universal-utils
├── cachetools [required: Any, installed: 5.5.0]
├── coloredlogs [required: Any, installed: 15.0.1]
│   └── humanfriendly [required: >=9.1, installed: 10.0]
├── dacite [required: Any, installed: 1.8.1]
├── dash [required: Any, installed: 2.18.1]
│   ├── dash-core-components [required: ==2.0.0, installed: 2.0.0]
│   ├── dash-html-components [required: ==2.0.0, installed: 2.0.0]
│   ├── dash-table [required: ==5.0.0, installed: 5.0.0]
│   ├── Flask [required: >=1.0.4,<3.1, installed: 2.2.5]
│   │   ├── click [required: >=8.0, installed: 8.1.7]
│   │   ├── itsdangerous [required: >=2.0, installed: 2.0.1]
│   │   ├── Jinja2 [required: >=3.0, installed: 3.1.4]
│   │   │   └── MarkupSafe [required: >=2.0, installed: 2.1.5]
│   │   └── Werkzeug [required: >=2.2.2, installed: 2.3.8]
│   │       └── MarkupSafe [required: >=2.1.1, installed: 2.1.5]
│   ├── importlib_metadata [required: Any, installed: 8.4.0]
│   │   └── zipp [required: >=0.5, installed: 3.20.2]
│   ├── nest-asyncio [required: Any, installed: 1.6.0]
│   ├── plotly [required: >=5.0.0, installed: 5.24.1]
│   │   ├── packaging [required: Any, installed: 24.1]
│   │   └── tenacity [required: >=6.2.0, installed: 9.0.0]
│   ├── requests [required: Any, installed: 2.32.3]
│   │   ├── certifi [required: >=2017.4.17, installed: 2024.8.30]
│   │   ├── charset-normalizer [required: >=2,<4, installed: 3.3.2]
│   │   ├── idna [required: >=2.5,<4, installed: 3.10]
│   │   └── urllib3 [required: >=1.21.1,<3, installed: 2.2.3]
│   ├── retrying [required: Any, installed: 1.3.4]
│   │   └── six [required: >=1.7.0, installed: 1.16.0]
│   ├── setuptools [required: Any, installed: 65.5.1]
│   ├── typing_extensions [required: >=4.1.1, installed: 4.12.2]
│   └── Werkzeug [required: <3.1, installed: 2.3.8]
│       └── MarkupSafe [required: >=2.1.1, installed: 2.1.5]
├── dash-bootstrap-components [required: Any, installed: 1.6.0]
│   └── dash [required: >=2.0.0, installed: 2.18.1]
│       ├── dash-core-components [required: ==2.0.0, installed: 2.0.0]
│       ├── dash-html-components [required: ==2.0.0, installed: 2.0.0]
│       ├── dash-table [required: ==5.0.0, installed: 5.0.0]
│       ├── Flask [required: >=1.0.4,<3.1, installed: 2.2.5]
│       │   ├── click [required: >=8.0, installed: 8.1.7]
│       │   ├── itsdangerous [required: >=2.0, installed: 2.0.1]
│       │   ├── Jinja2 [required: >=3.0, installed: 3.1.4]
│       │   │   └── MarkupSafe [required: >=2.0, installed: 2.1.5]
│       │   └── Werkzeug [required: >=2.2.2, installed: 2.3.8]
│       │       └── MarkupSafe [required: >=2.1.1, installed: 2.1.5]
│       ├── importlib_metadata [required: Any, installed: 8.4.0]
│       │   └── zipp [required: >=0.5, installed: 3.20.2]
│       ├── nest-asyncio [required: Any, installed: 1.6.0]
│       ├── plotly [required: >=5.0.0, installed: 5.24.1]
│       │   ├── packaging [required: Any, installed: 24.1]
│       │   └── tenacity [required: >=6.2.0, installed: 9.0.0]
│       ├── requests [required: Any, installed: 2.32.3]
│       │   ├── certifi [required: >=2017.4.17, installed: 2024.8.30]
│       │   ├── charset-normalizer [required: >=2,<4, installed: 3.3.2]
│       │   ├── idna [required: >=2.5,<4, installed: 3.10]
│       │   └── urllib3 [required: >=1.21.1,<3, installed: 2.2.3]
│       ├── retrying [required: Any, installed: 1.3.4]
│       │   └── six [required: >=1.7.0, installed: 1.16.0]
│       ├── setuptools [required: Any, installed: 65.5.1]
│       ├── typing_extensions [required: >=4.1.1, installed: 4.12.2]
│       └── Werkzeug [required: <3.1, installed: 2.3.8]
│           └── MarkupSafe [required: >=2.1.1, installed: 2.1.5]
├── Flask [required: <3, installed: 2.2.5]
│   ├── click [required: >=8.0, installed: 8.1.7]
│   ├── itsdangerous [required: >=2.0, installed: 2.0.1]
│   ├── Jinja2 [required: >=3.0, installed: 3.1.4]
│   │   └── MarkupSafe [required: >=2.0, installed: 2.1.5]
│   └── Werkzeug [required: >=2.2.2, installed: 2.3.8]
│       └── MarkupSafe [required: >=2.1.1, installed: 2.1.5]
├── flask-oidc [required: <2.0.0, installed: 1.4.0]
│   ├── Flask [required: Any, installed: 2.2.5]
│   │   ├── click [required: >=8.0, installed: 8.1.7]
│   │   ├── itsdangerous [required: >=2.0, installed: 2.0.1]
│   │   ├── Jinja2 [required: >=3.0, installed: 3.1.4]
│   │   │   └── MarkupSafe [required: >=2.0, installed: 2.1.5]
│   │   └── Werkzeug [required: >=2.2.2, installed: 2.3.8]
│   │       └── MarkupSafe [required: >=2.1.1, installed: 2.1.5]
│   ├── itsdangerous [required: Any, installed: 2.0.1]
│   ├── oauth2client [required: Any, installed: 4.1.3]
│   │   ├── httplib2 [required: >=0.9.1, installed: 0.22.0]
│   │   │   └── pyparsing [required: >=2.4.2,<4,!=3.0.3,!=3.0.2,!=3.0.1,!=3.0.0, installed: 3.1.4]
│   │   ├── pyasn1 [required: >=0.1.7, installed: 0.6.1]
│   │   ├── pyasn1_modules [required: >=0.0.5, installed: 0.4.1]
│   │   │   └── pyasn1 [required: >=0.4.6,<0.7.0, installed: 0.6.1]
│   │   ├── rsa [required: >=3.1.4, installed: 4.9]
│   │   │   └── pyasn1 [required: >=0.1.3, installed: 0.6.1]
│   │   └── six [required: >=1.6.1, installed: 1.16.0]
│   └── six [required: Any, installed: 1.16.0]
├── itsdangerous [required: ==2.0.1, installed: 2.0.1]
├── motor [required: Any, installed: 3.5.1]
│   └── pymongo [required: >=4.5,<5, installed: 4.8.0]
│       └── dnspython [required: >=1.16.0,<3.0.0, installed: 2.6.1]
├── openpyxl [required: Any, installed: 3.1.5]
│   └── et-xmlfile [required: Any, installed: 1.1.0]
├── pandas [required: Any, installed: 2.2.2]
│   ├── numpy [required: >=1.22.4, installed: 2.1.1]
│   ├── python-dateutil [required: >=2.8.2, installed: 2.9.0.post0]
│   │   └── six [required: >=1.5, installed: 1.16.0]
│   ├── pytz [required: >=2020.1, installed: 2024.2]
│   └── tzdata [required: >=2022.7, installed: 2024.1]
├── plotly [required: Any, installed: 5.24.1]
│   ├── packaging [required: Any, installed: 24.1]
│   └── tenacity [required: >=6.2.0, installed: 9.0.0]
├── pymongo [required: Any, installed: 4.8.0]
│   └── dnspython [required: >=1.16.0,<3.0.0, installed: 2.6.1]
├── python-dateutil [required: Any, installed: 2.9.0.post0]
│   └── six [required: >=1.5, installed: 1.16.0]
├── requests [required: Any, installed: 2.32.3]
│   ├── certifi [required: >=2017.4.17, installed: 2024.8.30]
│   ├── charset-normalizer [required: >=2,<4, installed: 3.3.2]
│   ├── idna [required: >=2.5,<4, installed: 3.10]
│   └── urllib3 [required: >=1.21.1,<3, installed: 2.2.3]
├── tornado [required: Any, installed: 6.4.1]
├── typeguard [required: Any, installed: 4.3.0]
│   └── typing_extensions [required: >=4.10.0, installed: 4.12.2]
├── visdcc [required: Any, installed: 0.0.50]
├── Werkzeug [required: <3, installed: 2.3.8]
│   └── MarkupSafe [required: >=2.1.1, installed: 2.1.5]
├── wipac-keycloak-rest-services [required: Any, installed: 1.4.108]
│   ├── aio-pika [required: Any, installed: 9.4.3]
│   │   ├── aiormq [required: >=6.8.0,<6.9.0, installed: 6.8.1]
│   │   │   ├── pamqp [required: ==3.3.0, installed: 3.3.0]
│   │   │   └── yarl [required: Any, installed: 1.11.1]
│   │   │       ├── idna [required: >=2.0, installed: 3.10]
│   │   │       └── multidict [required: >=4.0, installed: 6.1.0]
│   │   │           └── typing_extensions [required: >=4.1.0, installed: 4.12.2]
│   │   └── yarl [required: Any, installed: 1.11.1]
│   │       ├── idna [required: >=2.0, installed: 3.10]
│   │       └── multidict [required: >=4.0, installed: 6.1.0]
│   │           └── typing_extensions [required: >=4.1.0, installed: 4.12.2]
│   ├── attrs [required: Any, installed: 24.2.0]
│   ├── ldap3 [required: Any, installed: 2.9.1]
│   │   └── pyasn1 [required: >=0.4.6, installed: 0.6.1]
│   ├── motor [required: Any, installed: 3.5.1]
│   │   └── pymongo [required: >=4.5,<5, installed: 4.8.0]
│   │       └── dnspython [required: >=1.16.0,<3.0.0, installed: 2.6.1]
│   ├── requests [required: Any, installed: 2.32.3]
│   │   ├── certifi [required: >=2017.4.17, installed: 2024.8.30]
│   │   ├── charset-normalizer [required: >=2,<4, installed: 3.3.2]
│   │   ├── idna [required: >=2.5,<4, installed: 3.10]
│   │   └── urllib3 [required: >=1.21.1,<3, installed: 2.2.3]
│   ├── Unidecode [required: Any, installed: 1.3.8]
│   ├── wipac-dev-tools [required: Any, installed: 1.12.1]
│   │   ├── requests [required: Any, installed: 2.32.3]
│   │   │   ├── certifi [required: >=2017.4.17, installed: 2024.8.30]
│   │   │   ├── charset-normalizer [required: >=2,<4, installed: 3.3.2]
│   │   │   ├── idna [required: >=2.5,<4, installed: 3.10]
│   │   │   └── urllib3 [required: >=1.21.1,<3, installed: 2.2.3]
│   │   └── typing_extensions [required: Any, installed: 4.12.2]
│   └── wipac-rest-tools [required: Any, installed: 1.5.3]
│       ├── cachetools [required: Any, installed: 5.5.0]
│       ├── PyJWT [required: !=2.6.0, installed: 2.9.0]
│       ├── qrcode [required: Any, installed: 7.4.2]
│       │   ├── pypng [required: Any, installed: 0.20220715.0]
│       │   └── typing_extensions [required: Any, installed: 4.12.2]
│       ├── requests [required: Any, installed: 2.32.3]
│       │   ├── certifi [required: >=2017.4.17, installed: 2024.8.30]
│       │   ├── charset-normalizer [required: >=2,<4, installed: 3.3.2]
│       │   ├── idna [required: >=2.5,<4, installed: 3.10]
│       │   └── urllib3 [required: >=1.21.1,<3, installed: 2.2.3]
│       ├── requests-futures [required: Any, installed: 1.0.1]
│       │   └── requests [required: >=1.2.0, installed: 2.32.3]
│       │       ├── certifi [required: >=2017.4.17, installed: 2024.8.30]
│       │       ├── charset-normalizer [required: >=2,<4, installed: 3.3.2]
│       │       ├── idna [required: >=2.5,<4, installed: 3.10]
│       │       └── urllib3 [required: >=1.21.1,<3, installed: 2.2.3]
│       ├── tornado [required: Any, installed: 6.4.1]
│       ├── urllib3 [required: >=2.0.4, installed: 2.2.3]
│       └── wipac-dev-tools [required: Any, installed: 1.12.1]
│           ├── requests [required: Any, installed: 2.32.3]
│           │   ├── certifi [required: >=2017.4.17, installed: 2024.8.30]
│           │   ├── charset-normalizer [required: >=2,<4, installed: 3.3.2]
│           │   ├── idna [required: >=2.5,<4, installed: 3.10]
│           │   └── urllib3 [required: >=1.21.1,<3, installed: 2.2.3]
│           └── typing_extensions [required: Any, installed: 4.12.2]
└── wipac-rest-tools [required: <1.6.0, installed: 1.5.3]
    ├── cachetools [required: Any, installed: 5.5.0]
    ├── PyJWT [required: !=2.6.0, installed: 2.9.0]
    ├── qrcode [required: Any, installed: 7.4.2]
    │   ├── pypng [required: Any, installed: 0.20220715.0]
    │   └── typing_extensions [required: Any, installed: 4.12.2]
    ├── requests [required: Any, installed: 2.32.3]
    │   ├── certifi [required: >=2017.4.17, installed: 2024.8.30]
    │   ├── charset-normalizer [required: >=2,<4, installed: 3.3.2]
    │   ├── idna [required: >=2.5,<4, installed: 3.10]
    │   └── urllib3 [required: >=1.21.1,<3, installed: 2.2.3]
    ├── requests-futures [required: Any, installed: 1.0.1]
    │   └── requests [required: >=1.2.0, installed: 2.32.3]
    │       ├── certifi [required: >=2017.4.17, installed: 2024.8.30]
    │       ├── charset-normalizer [required: >=2,<4, installed: 3.3.2]
    │       ├── idna [required: >=2.5,<4, installed: 3.10]
    │       └── urllib3 [required: >=1.21.1,<3, installed: 2.2.3]
    ├── tornado [required: Any, installed: 6.4.1]
    ├── urllib3 [required: >=2.0.4, installed: 2.2.3]
    └── wipac-dev-tools [required: Any, installed: 1.12.1]
        ├── requests [required: Any, installed: 2.32.3]
        │   ├── certifi [required: >=2017.4.17, installed: 2024.8.30]
        │   ├── charset-normalizer [required: >=2,<4, installed: 3.3.2]
        │   ├── idna [required: >=2.5,<4, installed: 3.10]
        │   └── urllib3 [required: >=1.21.1,<3, installed: 2.2.3]
        └── typing_extensions [required: Any, installed: 4.12.2]
wheel==0.44.0
wipac-telemetry==0.3.0
├── coloredlogs [required: Any, installed: 15.0.1]
│   └── humanfriendly [required: >=9.1, installed: 10.0]
├── opentelemetry-api [required: Any, installed: 1.27.0]
│   ├── Deprecated [required: >=1.2.6, installed: 1.2.14]
│   │   └── wrapt [required: >=1.10,<2, installed: 1.16.0]
│   └── importlib_metadata [required: >=6.0,<=8.4.0, installed: 8.4.0]
│       └── zipp [required: >=0.5, installed: 3.20.2]
├── opentelemetry-exporter-jaeger [required: Any, installed: 1.21.0]
│   ├── opentelemetry-exporter-jaeger-proto-grpc [required: ==1.21.0, installed: 1.21.0]
│   │   ├── googleapis-common-protos [required: ~=1.52,<1.60.0, installed: 1.59.1]
│   │   │   └── protobuf [required: >=3.19.5,<5.0.0.dev0,!=4.21.5,!=4.21.4,!=4.21.3,!=4.21.2,!=4.21.1,!=3.20.1,!=3.20.0, installed: 4.25.4]
│   │   ├── grpcio [required: >=1.0.0,<2.0.0, installed: 1.66.1]
│   │   ├── opentelemetry-api [required: ~=1.3, installed: 1.27.0]
│   │   │   ├── Deprecated [required: >=1.2.6, installed: 1.2.14]
│   │   │   │   └── wrapt [required: >=1.10,<2, installed: 1.16.0]
│   │   │   └── importlib_metadata [required: >=6.0,<=8.4.0, installed: 8.4.0]
│   │   │       └── zipp [required: >=0.5, installed: 3.20.2]
│   │   └── opentelemetry-sdk [required: ~=1.11, installed: 1.27.0]
│   │       ├── opentelemetry-api [required: ==1.27.0, installed: 1.27.0]
│   │       │   ├── Deprecated [required: >=1.2.6, installed: 1.2.14]
│   │       │   │   └── wrapt [required: >=1.10,<2, installed: 1.16.0]
│   │       │   └── importlib_metadata [required: >=6.0,<=8.4.0, installed: 8.4.0]
│   │       │       └── zipp [required: >=0.5, installed: 3.20.2]
│   │       ├── opentelemetry-semantic-conventions [required: ==0.48b0, installed: 0.48b0]
│   │       │   ├── Deprecated [required: >=1.2.6, installed: 1.2.14]
│   │       │   │   └── wrapt [required: >=1.10,<2, installed: 1.16.0]
│   │       │   └── opentelemetry-api [required: ==1.27.0, installed: 1.27.0]
│   │       │       ├── Deprecated [required: >=1.2.6, installed: 1.2.14]
│   │       │       │   └── wrapt [required: >=1.10,<2, installed: 1.16.0]
│   │       │       └── importlib_metadata [required: >=6.0,<=8.4.0, installed: 8.4.0]
│   │       │           └── zipp [required: >=0.5, installed: 3.20.2]
│   │       └── typing_extensions [required: >=3.7.4, installed: 4.12.2]
│   └── opentelemetry-exporter-jaeger-thrift [required: ==1.21.0, installed: 1.21.0]
│       ├── opentelemetry-api [required: ~=1.3, installed: 1.27.0]
│       │   ├── Deprecated [required: >=1.2.6, installed: 1.2.14]
│       │   │   └── wrapt [required: >=1.10,<2, installed: 1.16.0]
│       │   └── importlib_metadata [required: >=6.0,<=8.4.0, installed: 8.4.0]
│       │       └── zipp [required: >=0.5, installed: 3.20.2]
│       ├── opentelemetry-sdk [required: ~=1.11, installed: 1.27.0]
│       │   ├── opentelemetry-api [required: ==1.27.0, installed: 1.27.0]
│       │   │   ├── Deprecated [required: >=1.2.6, installed: 1.2.14]
│       │   │   │   └── wrapt [required: >=1.10,<2, installed: 1.16.0]
│       │   │   └── importlib_metadata [required: >=6.0,<=8.4.0, installed: 8.4.0]
│       │   │       └── zipp [required: >=0.5, installed: 3.20.2]
│       │   ├── opentelemetry-semantic-conventions [required: ==0.48b0, installed: 0.48b0]
│       │   │   ├── Deprecated [required: >=1.2.6, installed: 1.2.14]
│       │   │   │   └── wrapt [required: >=1.10,<2, installed: 1.16.0]
│       │   │   └── opentelemetry-api [required: ==1.27.0, installed: 1.27.0]
│       │   │       ├── Deprecated [required: >=1.2.6, installed: 1.2.14]
│       │   │       │   └── wrapt [required: >=1.10,<2, installed: 1.16.0]
│       │   │       └── importlib_metadata [required: >=6.0,<=8.4.0, installed: 8.4.0]
│       │   │           └── zipp [required: >=0.5, installed: 3.20.2]
│       │   └── typing_extensions [required: >=3.7.4, installed: 4.12.2]
│       └── thrift [required: >=0.10.0, installed: 0.20.0]
│           └── six [required: >=1.7.2, installed: 1.16.0]
├── opentelemetry-exporter-otlp-proto-http [required: Any, installed: 1.27.0]
│   ├── Deprecated [required: >=1.2.6, installed: 1.2.14]
│   │   └── wrapt [required: >=1.10,<2, installed: 1.16.0]
│   ├── googleapis-common-protos [required: ~=1.52, installed: 1.59.1]
│   │   └── protobuf [required: >=3.19.5,<5.0.0.dev0,!=4.21.5,!=4.21.4,!=4.21.3,!=4.21.2,!=4.21.1,!=3.20.1,!=3.20.0, installed: 4.25.4]
│   ├── opentelemetry-api [required: ~=1.15, installed: 1.27.0]
│   │   ├── Deprecated [required: >=1.2.6, installed: 1.2.14]
│   │   │   └── wrapt [required: >=1.10,<2, installed: 1.16.0]
│   │   └── importlib_metadata [required: >=6.0,<=8.4.0, installed: 8.4.0]
│   │       └── zipp [required: >=0.5, installed: 3.20.2]
│   ├── opentelemetry-exporter-otlp-proto-common [required: ==1.27.0, installed: 1.27.0]
│   │   └── opentelemetry-proto [required: ==1.27.0, installed: 1.27.0]
│   │       └── protobuf [required: >=3.19,<5.0, installed: 4.25.4]
│   ├── opentelemetry-proto [required: ==1.27.0, installed: 1.27.0]
│   │   └── protobuf [required: >=3.19,<5.0, installed: 4.25.4]
│   ├── opentelemetry-sdk [required: ~=1.27.0, installed: 1.27.0]
│   │   ├── opentelemetry-api [required: ==1.27.0, installed: 1.27.0]
│   │   │   ├── Deprecated [required: >=1.2.6, installed: 1.2.14]
│   │   │   │   └── wrapt [required: >=1.10,<2, installed: 1.16.0]
│   │   │   └── importlib_metadata [required: >=6.0,<=8.4.0, installed: 8.4.0]
│   │   │       └── zipp [required: >=0.5, installed: 3.20.2]
│   │   ├── opentelemetry-semantic-conventions [required: ==0.48b0, installed: 0.48b0]
│   │   │   ├── Deprecated [required: >=1.2.6, installed: 1.2.14]
│   │   │   │   └── wrapt [required: >=1.10,<2, installed: 1.16.0]
│   │   │   └── opentelemetry-api [required: ==1.27.0, installed: 1.27.0]
│   │   │       ├── Deprecated [required: >=1.2.6, installed: 1.2.14]
│   │   │       │   └── wrapt [required: >=1.10,<2, installed: 1.16.0]
│   │   │       └── importlib_metadata [required: >=6.0,<=8.4.0, installed: 8.4.0]
│   │   │           └── zipp [required: >=0.5, installed: 3.20.2]
│   │   └── typing_extensions [required: >=3.7.4, installed: 4.12.2]
│   └── requests [required: ~=2.7, installed: 2.32.3]
│       ├── certifi [required: >=2017.4.17, installed: 2024.8.30]
│       ├── charset-normalizer [required: >=2,<4, installed: 3.3.2]
│       ├── idna [required: >=2.5,<4, installed: 3.10]
│       └── urllib3 [required: >=1.21.1,<3, installed: 2.2.3]
├── opentelemetry-sdk [required: Any, installed: 1.27.0]
│   ├── opentelemetry-api [required: ==1.27.0, installed: 1.27.0]
│   │   ├── Deprecated [required: >=1.2.6, installed: 1.2.14]
│   │   │   └── wrapt [required: >=1.10,<2, installed: 1.16.0]
│   │   └── importlib_metadata [required: >=6.0,<=8.4.0, installed: 8.4.0]
│   │       └── zipp [required: >=0.5, installed: 3.20.2]
│   ├── opentelemetry-semantic-conventions [required: ==0.48b0, installed: 0.48b0]
│   │   ├── Deprecated [required: >=1.2.6, installed: 1.2.14]
│   │   │   └── wrapt [required: >=1.10,<2, installed: 1.16.0]
│   │   └── opentelemetry-api [required: ==1.27.0, installed: 1.27.0]
│   │       ├── Deprecated [required: >=1.2.6, installed: 1.2.14]
│   │       │   └── wrapt [required: >=1.10,<2, installed: 1.16.0]
│   │       └── importlib_metadata [required: >=6.0,<=8.4.0, installed: 8.4.0]
│   │           └── zipp [required: >=0.5, installed: 3.20.2]
│   └── typing_extensions [required: >=3.7.4, installed: 4.12.2]
├── protobuf [required: Any, installed: 4.25.4]
├── typing_extensions [required: Any, installed: 4.12.2]
└── wipac-dev-tools [required: Any, installed: 1.12.1]
    ├── requests [required: Any, installed: 2.32.3]
    │   ├── certifi [required: >=2017.4.17, installed: 2024.8.30]
    │   ├── charset-normalizer [required: >=2,<4, installed: 3.3.2]
    │   ├── idna [required: >=2.5,<4, installed: 3.10]
    │   └── urllib3 [required: >=1.21.1,<3, installed: 2.2.3]
    └── typing_extensions [required: Any, installed: 4.12.2]
